[debug] [2024-10-16T11:38:08.094Z] ----------------------------------------------------------------------
[debug] [2024-10-16T11:38:08.101Z] Command:       C:\Program Files\nodejs\node.exe C:\Users\rachi\AppData\Roaming\npm\node_modules\firebase-tools\lib\bin\firebase.js emulators:start
[debug] [2024-10-16T11:38:08.101Z] CLI Version:   13.20.2
[debug] [2024-10-16T11:38:08.101Z] Platform:      win32
[debug] [2024-10-16T11:38:08.101Z] Node Version:  v20.17.0
[debug] [2024-10-16T11:38:08.102Z] Time:          Wed Oct 16 2024 17:08:08 GMT+0530 (India Standard Time)
[debug] [2024-10-16T11:38:08.102Z] ----------------------------------------------------------------------
[debug] 
[debug] [2024-10-16T11:38:08.104Z] >>> [apiv2][query] GET https://firebase-public.firebaseio.com/cli.json [none]
[debug] [2024-10-16T11:38:08.196Z] > command requires scopes: ["email","openid","https://www.googleapis.com/auth/cloudplatformprojects.readonly","https://www.googleapis.com/auth/firebase","https://www.googleapis.com/auth/cloud-platform"]
[debug] [2024-10-16T11:38:08.197Z] > authorizing via signed-in user (rachitprakash2004@gmail.com)
[info] i  emulators: Starting emulators: functions, hosting {"metadata":{"emulator":{"name":"hub"},"message":"Starting emulators: functions, hosting"}}
[debug] [2024-10-16T11:38:08.209Z] [logging] Logging Emulator only supports listening on one address (127.0.0.1). Not listening on ::1
[debug] [2024-10-16T11:38:08.209Z] [hosting] Hosting Emulator only supports listening on one address (127.0.0.1). Not listening on ::1
[debug] [2024-10-16T11:38:08.210Z] assigned listening specs for emulators {"user":{"hub":[{"address":"127.0.0.1","family":"IPv4","port":4400},{"address":"::1","family":"IPv6","port":4400}],"ui":[{"address":"127.0.0.1","family":"IPv4","port":4000},{"address":"::1","family":"IPv6","port":4000}],"logging":[{"address":"127.0.0.1","family":"IPv4","port":4500}],"hosting":[{"address":"127.0.0.1","family":"IPv4","port":5000}]},"metadata":{"message":"assigned listening specs for emulators"}}
[debug] [2024-10-16T11:38:08.214Z] [hub] writing locator at C:\Users\rachi\AppData\Local\Temp\hub-heritage-homes-2ff7f.json
[debug] [2024-10-16T11:38:08.234Z] [functions] Functions Emulator only supports listening on one address (127.0.0.1). Not listening on ::1
[debug] [2024-10-16T11:38:08.234Z] [eventarc] Eventarc Emulator only supports listening on one address (127.0.0.1). Not listening on ::1
[debug] [2024-10-16T11:38:08.234Z] [tasks] Cloud Tasks Emulator only supports listening on one address (127.0.0.1). Not listening on ::1
[debug] [2024-10-16T11:38:08.234Z] late-assigned ports for functions and eventarc emulators {"user":{"hub":[{"address":"127.0.0.1","family":"IPv4","port":4400},{"address":"::1","family":"IPv6","port":4400}],"ui":[{"address":"127.0.0.1","family":"IPv4","port":4000},{"address":"::1","family":"IPv6","port":4000}],"logging":[{"address":"127.0.0.1","family":"IPv4","port":4500}],"hosting":[{"address":"127.0.0.1","family":"IPv4","port":5000}],"functions":[{"address":"127.0.0.1","family":"IPv4","port":5001}],"eventarc":[{"address":"127.0.0.1","family":"IPv4","port":9299}],"tasks":[{"address":"127.0.0.1","family":"IPv4","port":9499}]},"metadata":{"message":"late-assigned ports for functions and eventarc emulators"}}
[warn] !  functions: The following emulators are not running, calls to these services from the Functions emulator will affect production: auth, firestore, database, pubsub, storage, dataconnect {"metadata":{"emulator":{"name":"functions"},"message":"The following emulators are not running, calls to these services from the Functions emulator will affect production: \u001b[1mauth, firestore, database, pubsub, storage, dataconnect\u001b[22m"}}
[debug] [2024-10-16T11:38:08.239Z] defaultcredentials: writing to file C:\Users\rachi\AppData\Roaming\firebase\rachitprakash2004_gmail_com_application_default_credentials.json
[debug] [2024-10-16T11:38:08.242Z] Setting GAC to C:\Users\rachi\AppData\Roaming\firebase\rachitprakash2004_gmail_com_application_default_credentials.json {"metadata":{"emulator":{"name":"functions"},"message":"Setting GAC to C:\\Users\\rachi\\AppData\\Roaming\\firebase\\rachitprakash2004_gmail_com_application_default_credentials.json"}}
[debug] [2024-10-16T11:38:08.243Z] Checked if tokens are valid: false, expires at: 1728123956224
[debug] [2024-10-16T11:38:08.243Z] Checked if tokens are valid: false, expires at: 1728123956224
[debug] [2024-10-16T11:38:08.243Z] > refreshing access token with scopes: []
[debug] [2024-10-16T11:38:08.244Z] >>> [apiv2][query] POST https://www.googleapis.com/oauth2/v3/token [none]
[debug] [2024-10-16T11:38:08.244Z] >>> [apiv2][body] POST https://www.googleapis.com/oauth2/v3/token [omitted]
[debug] [2024-10-16T11:38:08.502Z] <<< [apiv2][status] POST https://www.googleapis.com/oauth2/v3/token 200
[debug] [2024-10-16T11:38:08.502Z] <<< [apiv2][body] POST https://www.googleapis.com/oauth2/v3/token [omitted]
[debug] [2024-10-16T11:38:08.507Z] >>> [apiv2][query] GET https://firebase.googleapis.com/v1beta1/projects/heritage-homes-2ff7f/adminSdkConfig [none]
[debug] [2024-10-16T11:38:08.795Z] <<< [apiv2][status] GET https://firebase-public.firebaseio.com/cli.json 200
[debug] [2024-10-16T11:38:08.795Z] <<< [apiv2][body] GET https://firebase-public.firebaseio.com/cli.json {"cloudBuildErrorAfter":1594252800000,"cloudBuildWarnAfter":1590019200000,"defaultNode10After":1594252800000,"minVersion":"3.0.5","node8DeploysDisabledAfter":1613390400000,"node8RuntimeDisabledAfter":1615809600000,"node8WarnAfter":1600128000000}
[debug] [2024-10-16T11:38:09.310Z] <<< [apiv2][status] GET https://firebase.googleapis.com/v1beta1/projects/heritage-homes-2ff7f/adminSdkConfig 200
[debug] [2024-10-16T11:38:09.311Z] <<< [apiv2][body] GET https://firebase.googleapis.com/v1beta1/projects/heritage-homes-2ff7f/adminSdkConfig {"projectId":"heritage-homes-2ff7f","storageBucket":"heritage-homes-2ff7f.appspot.com"}
[debug] [2024-10-16T11:38:09.339Z] Checked if tokens are valid: true, expires at: 1729082287502
[debug] [2024-10-16T11:38:09.339Z] Checked if tokens are valid: true, expires at: 1729082287502
[debug] [2024-10-16T11:38:09.341Z] >>> [apiv2][query] GET https://firebasehosting.googleapis.com/v1beta1/projects/heritage-homes-2ff7f/sites 
[debug] [2024-10-16T11:38:10.745Z] <<< [apiv2][status] GET https://firebasehosting.googleapis.com/v1beta1/projects/heritage-homes-2ff7f/sites 200
[debug] [2024-10-16T11:38:10.745Z] <<< [apiv2][body] GET https://firebasehosting.googleapis.com/v1beta1/projects/heritage-homes-2ff7f/sites {"sites":[{"name":"projects/heritage-homes-2ff7f/sites/heritage-homes-2ff7f","defaultUrl":"https://heritage-homes-2ff7f.web.app","appId":"1:746094962586:web:bcd96147ab308c74657c23","type":"DEFAULT_SITE"}]}
[debug] [2024-10-16T11:38:10.745Z] Checked if tokens are valid: true, expires at: 1729082287502
[debug] [2024-10-16T11:38:10.746Z] Checked if tokens are valid: true, expires at: 1729082287502
[debug] [2024-10-16T11:38:10.746Z] >>> [apiv2][query] GET https://firebase.googleapis.com/v1beta1/projects/heritage-homes-2ff7f/webApps/1:746094962586:web:bcd96147ab308c74657c23/config [none]
[debug] [2024-10-16T11:38:11.759Z] <<< [apiv2][status] GET https://firebase.googleapis.com/v1beta1/projects/heritage-homes-2ff7f/webApps/1:746094962586:web:bcd96147ab308c74657c23/config 200
[debug] [2024-10-16T11:38:11.760Z] <<< [apiv2][body] GET https://firebase.googleapis.com/v1beta1/projects/heritage-homes-2ff7f/webApps/1:746094962586:web:bcd96147ab308c74657c23/config {"projectId":"heritage-homes-2ff7f","appId":"1:746094962586:web:bcd96147ab308c74657c23","storageBucket":"heritage-homes-2ff7f.appspot.com","apiKey":"AIzaSyCNye0gCqRCVFPB2rPaVWJlPZWwqfy880g","authDomain":"heritage-homes-2ff7f.firebaseapp.com","messagingSenderId":"746094962586","measurementId":"G-9F4CF882PD"}
[debug] [2024-10-16T11:38:11.765Z] Checked if tokens are valid: true, expires at: 1729082287502
[debug] [2024-10-16T11:38:11.765Z] Checked if tokens are valid: true, expires at: 1729082287502
[debug] [2024-10-16T11:38:11.765Z] >>> [apiv2][query] GET https://firebase.googleapis.com/v1beta1/projects/heritage-homes-2ff7f [none]
[debug] [2024-10-16T11:38:12.377Z] <<< [apiv2][status] GET https://firebase.googleapis.com/v1beta1/projects/heritage-homes-2ff7f 200
[debug] [2024-10-16T11:38:12.377Z] <<< [apiv2][body] GET https://firebase.googleapis.com/v1beta1/projects/heritage-homes-2ff7f {"projectId":"heritage-homes-2ff7f","projectNumber":"746094962586","displayName":"heritage-homes","name":"projects/heritage-homes-2ff7f","resources":{"hostingSite":"heritage-homes-2ff7f"},"state":"ACTIVE","etag":"1_be4a4cb7-921b-4396-aed9-b66d28fb6305"}
[info] i  hosting[heritage-homes-2ff7f]: Serving hosting files from: build {"metadata":{"emulator":{"name":"hosting"},"message":"Serving hosting files from: \u001b[1mbuild\u001b[22m"}}
[info] +  hosting[heritage-homes-2ff7f]: Local server: http://127.0.0.1:5000 {"metadata":{"emulator":{"name":"hosting"},"message":"Local server: \u001b[4m\u001b[1mhttp://127.0.0.1:5000\u001b[22m\u001b[24m"}}
[debug] [2024-10-16T11:38:12.404Z] Ignoring unsupported arg: auto_download {"metadata":{"emulator":{"name":"ui"},"message":"Ignoring unsupported arg: auto_download"}}
[debug] [2024-10-16T11:38:12.404Z] Ignoring unsupported arg: port {"metadata":{"emulator":{"name":"ui"},"message":"Ignoring unsupported arg: port"}}
[debug] [2024-10-16T11:38:12.404Z] Starting Emulator UI with command {"binary":"node","args":["C:\\Users\\rachi\\.cache\\firebase\\emulators\\ui-v1.13.0\\server\\server.mjs"],"optionalArgs":[],"joinArgs":false,"shell":false,"port":4000} {"metadata":{"emulator":{"name":"ui"},"message":"Starting Emulator UI with command {\"binary\":\"node\",\"args\":[\"C:\\\\Users\\\\rachi\\\\.cache\\\\firebase\\\\emulators\\\\ui-v1.13.0\\\\server\\\\server.mjs\"],\"optionalArgs\":[],\"joinArgs\":false,\"shell\":false,\"port\":4000}"}}
[info] i  ui: Emulator UI logging to ui-debug.log {"metadata":{"emulator":{"name":"ui"},"message":"Emulator UI logging to \u001b[1mui-debug.log\u001b[22m"}}
[debug] [2024-10-16T11:38:12.545Z] Web / API server started at 127.0.0.1:4000
 {"metadata":{"emulator":{"name":"ui"},"message":"Web / API server started at 127.0.0.1:4000\n"}}
[debug] [2024-10-16T11:38:12.545Z] Web / API server started at ::1:4000
 {"metadata":{"emulator":{"name":"ui"},"message":"Web / API server started at ::1:4000\n"}}
[info] i  functions: Watching "C:\Users\rachi\OneDrive\Desktop\PROJECT\HeritageHomes\heritagehomes\functions" for Cloud Functions... {"metadata":{"emulator":{"name":"functions"},"message":"Watching \"C:\\Users\\rachi\\OneDrive\\Desktop\\PROJECT\\HeritageHomes\\heritagehomes\\functions\" for Cloud Functions..."}}
[debug] [2024-10-16T11:38:12.639Z] Validating nodejs source
[warn] !  functions: package.json indicates an outdated version of firebase-functions. Please upgrade using npm install --save firebase-functions@latest in your functions directory. 
[warn] !  functions: Please note that there will be breaking changes when you upgrade. 
[debug] [2024-10-16T11:38:13.816Z] > [functions] package.json contents: {
  "name": "functions",
  "description": "Cloud Functions for Firebase",
  "scripts": {
    "lint": "eslint .",
    "serve": "firebase emulators:start --only functions",
    "shell": "firebase functions:shell",
    "start": "npm run shell",
    "deploy": "firebase deploy --only functions",
    "logs": "firebase functions:log"
  },
  "engines": {
    "node": "18"
  },
  "main": "index.js",
  "dependencies": {
    "cors": "^2.8.5",
    "express": "^4.21.0",
    "firebase-admin": "^12.1.0",
    "firebase-functions": "^5.0.0",
    "stripe": "^17.0.0"
  },
  "devDependencies": {
    "eslint": "^8.15.0",
    "eslint-config-google": "^0.14.0",
    "firebase-functions-test": "^3.1.0"
  },
  "private": true
}
[debug] [2024-10-16T11:38:13.818Z] Building nodejs source
[debug] [2024-10-16T11:38:13.818Z] Failed to find version of module node: reached end of search path C:\Users\rachi\OneDrive\Desktop\PROJECT\HeritageHomes\heritagehomes\functions\node_modules
[warn] !  functions: Your requested "node" version "18" doesn't match your global version "20". Using node@20 from host. 
[debug] [2024-10-16T11:38:13.821Z] Could not find functions.yaml. Must use http discovery
[debug] [2024-10-16T11:38:13.828Z] Found firebase-functions binary at 'C:\Users\rachi\OneDrive\Desktop\PROJECT\HeritageHomes\heritagehomes\functions\node_modules\.bin\firebase-functions'
[info] Serving at port 8889

[debug] [2024-10-16T11:38:14.885Z] Got response from /__/functions.yaml {"endpoints":{"api":{"platform":"gcfv1","availableMemoryMb":null,"timeoutSeconds":null,"minInstances":null,"maxInstances":null,"ingressSettings":null,"serviceAccountEmail":null,"vpc":null,"httpsTrigger":{},"entryPoint":"api"}},"specVersion":"v1alpha1","requiredAPIs":[],"extensions":{}}
[info] +  functions: Loaded functions definitions from source: api. {"metadata":{"emulator":{"name":"functions"},"message":"Loaded functions definitions from source: api."}}
[info] +  functions[us-central1-api]: http function initialized (http://127.0.0.1:5001/heritage-homes-2ff7f/us-central1/api). {"metadata":{"emulator":{"name":"functions"},"message":"\u001b[1mhttp\u001b[22m function initialized (http://127.0.0.1:5001/heritage-homes-2ff7f/us-central1/api)."}}
[debug] [2024-10-16T11:38:19.949Z] Could not find VSCode notification endpoint: FetchError: request to http://localhost:40001/vscode/notify failed, reason: 
[info] 
┌─────────────────────────────────────────────────────────────┐
│ ✔  All emulators ready! It is now safe to connect your app. │
│ i  View Emulator UI at http://127.0.0.1:4000/               │
└─────────────────────────────────────────────────────────────┘

┌───────────┬────────────────┬─────────────────────────────────┐
│ Emulator  │ Host:Port      │ View in Emulator UI             │
├───────────┼────────────────┼─────────────────────────────────┤
│ Functions │ 127.0.0.1:5001 │ http://127.0.0.1:4000/functions │
├───────────┼────────────────┼─────────────────────────────────┤
│ Hosting   │ 127.0.0.1:5000 │ n/a                             │
└───────────┴────────────────┴─────────────────────────────────┘
  Emulator Hub running at 127.0.0.1:4400
  Other reserved ports: 4500

Issues? Report them at https://github.com/firebase/firebase-tools/issues and attach the *-debug.log files.
 
[debug] [2024-10-16T11:38:26.876Z] [work-queue] {"queuedWork":["/heritage-homes-2ff7f/us-central1/api-2024-10-16T11:38:26.876Z"],"queueLength":1,"runningWork":[],"workRunningCount":0}
[debug] [2024-10-16T11:38:26.876Z] [work-queue] {"queuedWork":[],"queueLength":0,"runningWork":["/heritage-homes-2ff7f/us-central1/api-2024-10-16T11:38:26.876Z"],"workRunningCount":1}
[debug] [2024-10-16T11:38:26.877Z] Accepted request GET /heritage-homes-2ff7f/us-central1/api --> us-central1-api
[debug] [2024-10-16T11:38:26.880Z] [functions] Runtime ready! Sending request! {"metadata":{"emulator":{"name":"functions"},"message":"[functions] Runtime ready! Sending request!"}}
[debug] [2024-10-16T11:38:26.881Z] [functions] Got req.url=/heritage-homes-2ff7f/us-central1/api, mapping to path=/ {"metadata":{"emulator":{"name":"functions"},"message":"[functions] Got req.url=/heritage-homes-2ff7f/us-central1/api, mapping to path=/"}}
[debug] [2024-10-16T11:38:26.903Z] [worker-pool] addWorker(us-central1-api) {"metadata":{"emulator":{"name":"functions"},"message":"[worker-pool] addWorker(us-central1-api)"}}
[debug] [2024-10-16T11:38:26.906Z] [worker-pool] Adding worker with key us-central1-api, total=1 {"metadata":{"emulator":{"name":"functions"},"message":"[worker-pool] Adding worker with key us-central1-api, total=1"}}
[debug] [2024-10-16T11:38:28.785Z] [runtime-status] [37068] Resolved module firebase-admin {"declared":true,"installed":true,"version":"12.6.0","resolution":"C:\\Users\\rachi\\OneDrive\\Desktop\\PROJECT\\HeritageHomes\\heritagehomes\\functions\\node_modules\\firebase-admin\\lib\\index.js"} {"metadata":{"emulator":{"name":"functions"},"function":{"name":"us-central1-api"},"extension":{},"message":"[runtime-status] [37068] Resolved module firebase-admin {\"declared\":true,\"installed\":true,\"version\":\"12.6.0\",\"resolution\":\"C:\\\\Users\\\\rachi\\\\OneDrive\\\\Desktop\\\\PROJECT\\\\HeritageHomes\\\\heritagehomes\\\\functions\\\\node_modules\\\\firebase-admin\\\\lib\\\\index.js\"}"}}
[debug] [2024-10-16T11:38:28.787Z] [runtime-status] [37068] Resolved module firebase-functions {"declared":true,"installed":true,"version":"5.1.1","resolution":"C:\\Users\\rachi\\OneDrive\\Desktop\\PROJECT\\HeritageHomes\\heritagehomes\\functions\\node_modules\\firebase-functions\\lib\\v1\\index.js"} {"metadata":{"emulator":{"name":"functions"},"function":{"name":"us-central1-api"},"extension":{},"message":"[runtime-status] [37068] Resolved module firebase-functions {\"declared\":true,\"installed\":true,\"version\":\"5.1.1\",\"resolution\":\"C:\\\\Users\\\\rachi\\\\OneDrive\\\\Desktop\\\\PROJECT\\\\HeritageHomes\\\\heritagehomes\\\\functions\\\\node_modules\\\\firebase-functions\\\\lib\\\\v1\\\\index.js\"}"}}
[debug] [2024-10-16T11:38:28.789Z] [runtime-status] [37068] Outgoing network have been stubbed. [{"name":"http","status":"mocked"},{"name":"http","status":"mocked"},{"name":"https","status":"mocked"},{"name":"https","status":"mocked"},{"name":"net","status":"mocked"}] {"metadata":{"emulator":{"name":"functions"},"function":{"name":"us-central1-api"},"extension":{},"message":"[runtime-status] [37068] Outgoing network have been stubbed. [{\"name\":\"http\",\"status\":\"mocked\"},{\"name\":\"http\",\"status\":\"mocked\"},{\"name\":\"https\",\"status\":\"mocked\"},{\"name\":\"https\",\"status\":\"mocked\"},{\"name\":\"net\",\"status\":\"mocked\"}]"}}
[debug] [2024-10-16T11:38:28.790Z] [runtime-status] [37068] Resolved module firebase-functions {"declared":true,"installed":true,"version":"5.1.1","resolution":"C:\\Users\\rachi\\OneDrive\\Desktop\\PROJECT\\HeritageHomes\\heritagehomes\\functions\\node_modules\\firebase-functions\\lib\\v1\\index.js"} {"metadata":{"emulator":{"name":"functions"},"function":{"name":"us-central1-api"},"extension":{},"message":"[runtime-status] [37068] Resolved module firebase-functions {\"declared\":true,\"installed\":true,\"version\":\"5.1.1\",\"resolution\":\"C:\\\\Users\\\\rachi\\\\OneDrive\\\\Desktop\\\\PROJECT\\\\HeritageHomes\\\\heritagehomes\\\\functions\\\\node_modules\\\\firebase-functions\\\\lib\\\\v1\\\\index.js\"}"}}
[debug] [2024-10-16T11:38:29.258Z] [runtime-status] [37068] Checked functions.config() {"config":{}} {"metadata":{"emulator":{"name":"functions"},"function":{"name":"us-central1-api"},"extension":{},"message":"[runtime-status] [37068] Checked functions.config() {\"config\":{}}"}}
[debug] [2024-10-16T11:38:29.258Z] [runtime-status] [37068] firebase-functions has been stubbed. {"functionsResolution":{"declared":true,"installed":true,"version":"5.1.1","resolution":"C:\\Users\\rachi\\OneDrive\\Desktop\\PROJECT\\HeritageHomes\\heritagehomes\\functions\\node_modules\\firebase-functions\\lib\\v1\\index.js"}} {"metadata":{"emulator":{"name":"functions"},"function":{"name":"us-central1-api"},"extension":{},"message":"[runtime-status] [37068] firebase-functions has been stubbed. {\"functionsResolution\":{\"declared\":true,\"installed\":true,\"version\":\"5.1.1\",\"resolution\":\"C:\\\\Users\\\\rachi\\\\OneDrive\\\\Desktop\\\\PROJECT\\\\HeritageHomes\\\\heritagehomes\\\\functions\\\\node_modules\\\\firebase-functions\\\\lib\\\\v1\\\\index.js\"}}"}}
[debug] [2024-10-16T11:38:29.259Z] [runtime-status] [37068] Resolved module firebase-functions {"declared":true,"installed":true,"version":"5.1.1","resolution":"C:\\Users\\rachi\\OneDrive\\Desktop\\PROJECT\\HeritageHomes\\heritagehomes\\functions\\node_modules\\firebase-functions\\lib\\v1\\index.js"} {"metadata":{"emulator":{"name":"functions"},"function":{"name":"us-central1-api"},"extension":{},"message":"[runtime-status] [37068] Resolved module firebase-functions {\"declared\":true,\"installed\":true,\"version\":\"5.1.1\",\"resolution\":\"C:\\\\Users\\\\rachi\\\\OneDrive\\\\Desktop\\\\PROJECT\\\\HeritageHomes\\\\heritagehomes\\\\functions\\\\node_modules\\\\firebase-functions\\\\lib\\\\v1\\\\index.js\"}"}}
[debug] [2024-10-16T11:38:29.262Z] [runtime-status] [37068] Resolved module firebase-admin {"declared":true,"installed":true,"version":"12.6.0","resolution":"C:\\Users\\rachi\\OneDrive\\Desktop\\PROJECT\\HeritageHomes\\heritagehomes\\functions\\node_modules\\firebase-admin\\lib\\index.js"} {"metadata":{"emulator":{"name":"functions"},"function":{"name":"us-central1-api"},"extension":{},"message":"[runtime-status] [37068] Resolved module firebase-admin {\"declared\":true,\"installed\":true,\"version\":\"12.6.0\",\"resolution\":\"C:\\\\Users\\\\rachi\\\\OneDrive\\\\Desktop\\\\PROJECT\\\\HeritageHomes\\\\heritagehomes\\\\functions\\\\node_modules\\\\firebase-admin\\\\lib\\\\index.js\"}"}}
[debug] [2024-10-16T11:38:29.265Z] [runtime-status] [37068] Resolved module firebase-functions {"declared":true,"installed":true,"version":"5.1.1","resolution":"C:\\Users\\rachi\\OneDrive\\Desktop\\PROJECT\\HeritageHomes\\heritagehomes\\functions\\node_modules\\firebase-functions\\lib\\v1\\index.js"} {"metadata":{"emulator":{"name":"functions"},"function":{"name":"us-central1-api"},"extension":{},"message":"[runtime-status] [37068] Resolved module firebase-functions {\"declared\":true,\"installed\":true,\"version\":\"5.1.1\",\"resolution\":\"C:\\\\Users\\\\rachi\\\\OneDrive\\\\Desktop\\\\PROJECT\\\\HeritageHomes\\\\heritagehomes\\\\functions\\\\node_modules\\\\firebase-functions\\\\lib\\\\v1\\\\index.js\"}"}}
[debug] [2024-10-16T11:38:29.265Z] [runtime-status] [37068] firebase-admin has been stubbed. {"adminResolution":{"declared":true,"installed":true,"version":"12.6.0","resolution":"C:\\Users\\rachi\\OneDrive\\Desktop\\PROJECT\\HeritageHomes\\heritagehomes\\functions\\node_modules\\firebase-admin\\lib\\index.js"}} {"metadata":{"emulator":{"name":"functions"},"function":{"name":"us-central1-api"},"extension":{},"message":"[runtime-status] [37068] firebase-admin has been stubbed. {\"adminResolution\":{\"declared\":true,\"installed\":true,\"version\":\"12.6.0\",\"resolution\":\"C:\\\\Users\\\\rachi\\\\OneDrive\\\\Desktop\\\\PROJECT\\\\HeritageHomes\\\\heritagehomes\\\\functions\\\\node_modules\\\\firebase-admin\\\\lib\\\\index.js\"}}"}}
[debug] [2024-10-16T11:38:29.494Z] [runtime-status] [37068] Functions runtime initialized. {"cwd":"C:\\Users\\rachi\\OneDrive\\Desktop\\PROJECT\\HeritageHomes\\heritagehomes\\functions","node_version":"20.17.0"} {"metadata":{"emulator":{"name":"functions"},"function":{"name":"us-central1-api"},"extension":{},"message":"[runtime-status] [37068] Functions runtime initialized. {\"cwd\":\"C:\\\\Users\\\\rachi\\\\OneDrive\\\\Desktop\\\\PROJECT\\\\HeritageHomes\\\\heritagehomes\\\\functions\",\"node_version\":\"20.17.0\"}"}}
[debug] [2024-10-16T11:38:29.494Z] [runtime-status] [37068] Listening to port: \\?\pipe\fire_emu_e417e1d7129b8b20 {"metadata":{"emulator":{"name":"functions"},"function":{"name":"us-central1-api"},"extension":{},"message":"[runtime-status] [37068] Listening to port: \\\\?\\pipe\\fire_emu_e417e1d7129b8b20"}}
[debug] [2024-10-16T11:38:29.532Z] [worker-us-central1-api-fd8b535b-f410-4530-9012-0fdbaadaa5b7]: IDLE {"metadata":{"emulator":{"name":"functions"},"function":{"name":"us-central1-api"},"extension":{},"message":"[worker-us-central1-api-fd8b535b-f410-4530-9012-0fdbaadaa5b7]: IDLE"}}
[debug] [2024-10-16T11:38:29.533Z] [worker-pool] submitRequest(triggerId=us-central1-api) {"metadata":{"emulator":{"name":"functions"},"message":"[worker-pool] submitRequest(triggerId=us-central1-api)"}}
[info] i  functions: Beginning execution of "us-central1-api" {"metadata":{"emulator":{"name":"functions"},"function":{"name":"us-central1-api"},"extension":{},"message":"Beginning execution of \"us-central1-api\""}}
[debug] [2024-10-16T11:38:29.534Z] [worker-us-central1-api-fd8b535b-f410-4530-9012-0fdbaadaa5b7]: BUSY {"metadata":{"emulator":{"name":"functions"},"function":{"name":"us-central1-api"},"extension":{},"message":"[worker-us-central1-api-fd8b535b-f410-4530-9012-0fdbaadaa5b7]: BUSY"}}
[debug] [2024-10-16T11:38:29.541Z] Finishing up request with event=pause {"metadata":{"emulator":{"name":"functions"},"function":{"name":"us-central1-api"},"extension":{},"message":"Finishing up request with event=pause"}}
[info] i  functions: Finished "us-central1-api" in 7.0111ms {"metadata":{"emulator":{"name":"functions"},"function":{"name":"us-central1-api"},"extension":{},"message":"Finished \"us-central1-api\" in 7.0111ms"}}
[debug] [2024-10-16T11:38:29.541Z] [worker-us-central1-api-fd8b535b-f410-4530-9012-0fdbaadaa5b7]: IDLE {"metadata":{"emulator":{"name":"functions"},"function":{"name":"us-central1-api"},"extension":{},"message":"[worker-us-central1-api-fd8b535b-f410-4530-9012-0fdbaadaa5b7]: IDLE"}}
[debug] [2024-10-16T11:38:29.541Z] Finishing up request with event=finish {"metadata":{"emulator":{"name":"functions"},"function":{"name":"us-central1-api"},"extension":{},"message":"Finishing up request with event=finish"}}
[debug] [2024-10-16T11:38:29.541Z] Finishing up request with event=close {"metadata":{"emulator":{"name":"functions"},"function":{"name":"us-central1-api"},"extension":{},"message":"Finishing up request with event=close"}}
[debug] [2024-10-16T11:38:29.542Z] [work-queue] {"queuedWork":[],"queueLength":0,"runningWork":[],"workRunningCount":0}
[debug] [2024-10-16T11:38:29.542Z] [work-queue] {"queuedWork":["/heritage-homes-2ff7f/us-central1/api-2024-10-16T11:38:29.542Z"],"queueLength":1,"runningWork":[],"workRunningCount":0}
[debug] [2024-10-16T11:38:29.542Z] [work-queue] {"queuedWork":[],"queueLength":0,"runningWork":["/heritage-homes-2ff7f/us-central1/api-2024-10-16T11:38:29.542Z"],"workRunningCount":1}
[debug] [2024-10-16T11:38:29.543Z] Accepted request GET /heritage-homes-2ff7f/us-central1/api --> us-central1-api
[debug] [2024-10-16T11:38:29.544Z] [functions] Runtime ready! Sending request! {"metadata":{"emulator":{"name":"functions"},"message":"[functions] Runtime ready! Sending request!"}}
[debug] [2024-10-16T11:38:29.544Z] [functions] Got req.url=/heritage-homes-2ff7f/us-central1/api, mapping to path=/ {"metadata":{"emulator":{"name":"functions"},"message":"[functions] Got req.url=/heritage-homes-2ff7f/us-central1/api, mapping to path=/"}}
[debug] [2024-10-16T11:38:29.544Z] [worker-pool] submitRequest(triggerId=us-central1-api) {"metadata":{"emulator":{"name":"functions"},"message":"[worker-pool] submitRequest(triggerId=us-central1-api)"}}
[info] i  functions: Beginning execution of "us-central1-api" {"metadata":{"emulator":{"name":"functions"},"function":{"name":"us-central1-api"},"extension":{},"message":"Beginning execution of \"us-central1-api\""}}
[debug] [2024-10-16T11:38:29.545Z] [worker-us-central1-api-fd8b535b-f410-4530-9012-0fdbaadaa5b7]: BUSY {"metadata":{"emulator":{"name":"functions"},"function":{"name":"us-central1-api"},"extension":{},"message":"[worker-us-central1-api-fd8b535b-f410-4530-9012-0fdbaadaa5b7]: BUSY"}}
[debug] [2024-10-16T11:38:29.548Z] Finishing up request with event=pause {"metadata":{"emulator":{"name":"functions"},"function":{"name":"us-central1-api"},"extension":{},"message":"Finishing up request with event=pause"}}
[info] i  functions: Finished "us-central1-api" in 3.1214ms {"metadata":{"emulator":{"name":"functions"},"function":{"name":"us-central1-api"},"extension":{},"message":"Finished \"us-central1-api\" in 3.1214ms"}}
[debug] [2024-10-16T11:38:29.551Z] [worker-us-central1-api-fd8b535b-f410-4530-9012-0fdbaadaa5b7]: IDLE {"metadata":{"emulator":{"name":"functions"},"function":{"name":"us-central1-api"},"extension":{},"message":"[worker-us-central1-api-fd8b535b-f410-4530-9012-0fdbaadaa5b7]: IDLE"}}
[debug] [2024-10-16T11:38:29.551Z] Finishing up request with event=finish {"metadata":{"emulator":{"name":"functions"},"function":{"name":"us-central1-api"},"extension":{},"message":"Finishing up request with event=finish"}}
[debug] [2024-10-16T11:38:29.551Z] Finishing up request with event=close {"metadata":{"emulator":{"name":"functions"},"function":{"name":"us-central1-api"},"extension":{},"message":"Finishing up request with event=close"}}
[debug] [2024-10-16T11:38:29.552Z] [work-queue] {"queuedWork":[],"queueLength":0,"runningWork":[],"workRunningCount":0}
[debug] [2024-10-16T11:38:29.750Z] Functions emulator received unknown request at path /favicon.ico
[debug] [2024-10-16T11:38:31.115Z] [work-queue] {"queuedWork":["/heritage-homes-2ff7f/us-central1/api-2024-10-16T11:38:31.115Z"],"queueLength":1,"runningWork":[],"workRunningCount":0}
[debug] [2024-10-16T11:38:31.116Z] [work-queue] {"queuedWork":[],"queueLength":0,"runningWork":["/heritage-homes-2ff7f/us-central1/api-2024-10-16T11:38:31.115Z"],"workRunningCount":1}
[debug] [2024-10-16T11:38:31.116Z] Accepted request GET /heritage-homes-2ff7f/us-central1/api --> us-central1-api
[debug] [2024-10-16T11:38:31.117Z] [functions] Runtime ready! Sending request! {"metadata":{"emulator":{"name":"functions"},"message":"[functions] Runtime ready! Sending request!"}}
[debug] [2024-10-16T11:38:31.117Z] [functions] Got req.url=/heritage-homes-2ff7f/us-central1/api, mapping to path=/ {"metadata":{"emulator":{"name":"functions"},"message":"[functions] Got req.url=/heritage-homes-2ff7f/us-central1/api, mapping to path=/"}}
[debug] [2024-10-16T11:38:31.117Z] [worker-pool] submitRequest(triggerId=us-central1-api) {"metadata":{"emulator":{"name":"functions"},"message":"[worker-pool] submitRequest(triggerId=us-central1-api)"}}
[info] i  functions: Beginning execution of "us-central1-api" {"metadata":{"emulator":{"name":"functions"},"function":{"name":"us-central1-api"},"extension":{},"message":"Beginning execution of \"us-central1-api\""}}
[debug] [2024-10-16T11:38:31.118Z] [worker-us-central1-api-fd8b535b-f410-4530-9012-0fdbaadaa5b7]: BUSY {"metadata":{"emulator":{"name":"functions"},"function":{"name":"us-central1-api"},"extension":{},"message":"[worker-us-central1-api-fd8b535b-f410-4530-9012-0fdbaadaa5b7]: BUSY"}}
[debug] [2024-10-16T11:38:31.124Z] Finishing up request with event=pause {"metadata":{"emulator":{"name":"functions"},"function":{"name":"us-central1-api"},"extension":{},"message":"Finishing up request with event=pause"}}
[info] i  functions: Finished "us-central1-api" in 6.5323ms {"metadata":{"emulator":{"name":"functions"},"function":{"name":"us-central1-api"},"extension":{},"message":"Finished \"us-central1-api\" in 6.5323ms"}}
[debug] [2024-10-16T11:38:31.125Z] [worker-us-central1-api-fd8b535b-f410-4530-9012-0fdbaadaa5b7]: IDLE {"metadata":{"emulator":{"name":"functions"},"function":{"name":"us-central1-api"},"extension":{},"message":"[worker-us-central1-api-fd8b535b-f410-4530-9012-0fdbaadaa5b7]: IDLE"}}
[debug] [2024-10-16T11:38:31.126Z] Finishing up request with event=finish {"metadata":{"emulator":{"name":"functions"},"function":{"name":"us-central1-api"},"extension":{},"message":"Finishing up request with event=finish"}}
[debug] [2024-10-16T11:38:31.126Z] Finishing up request with event=close {"metadata":{"emulator":{"name":"functions"},"function":{"name":"us-central1-api"},"extension":{},"message":"Finishing up request with event=close"}}
[debug] [2024-10-16T11:38:31.126Z] [work-queue] {"queuedWork":[],"queueLength":0,"runningWork":[],"workRunningCount":0}
[debug] [2024-10-16T11:38:31.389Z] [work-queue] {"queuedWork":["/heritage-homes-2ff7f/us-central1/api-2024-10-16T11:38:31.389Z"],"queueLength":1,"runningWork":[],"workRunningCount":0}
[debug] [2024-10-16T11:38:31.389Z] [work-queue] {"queuedWork":[],"queueLength":0,"runningWork":["/heritage-homes-2ff7f/us-central1/api-2024-10-16T11:38:31.389Z"],"workRunningCount":1}
[debug] [2024-10-16T11:38:31.389Z] Accepted request GET /heritage-homes-2ff7f/us-central1/api --> us-central1-api
[debug] [2024-10-16T11:38:31.390Z] [functions] Runtime ready! Sending request! {"metadata":{"emulator":{"name":"functions"},"message":"[functions] Runtime ready! Sending request!"}}
[debug] [2024-10-16T11:38:31.391Z] [functions] Got req.url=/heritage-homes-2ff7f/us-central1/api, mapping to path=/ {"metadata":{"emulator":{"name":"functions"},"message":"[functions] Got req.url=/heritage-homes-2ff7f/us-central1/api, mapping to path=/"}}
[debug] [2024-10-16T11:38:31.391Z] [worker-pool] submitRequest(triggerId=us-central1-api) {"metadata":{"emulator":{"name":"functions"},"message":"[worker-pool] submitRequest(triggerId=us-central1-api)"}}
[info] i  functions: Beginning execution of "us-central1-api" {"metadata":{"emulator":{"name":"functions"},"function":{"name":"us-central1-api"},"extension":{},"message":"Beginning execution of \"us-central1-api\""}}
[debug] [2024-10-16T11:38:31.392Z] [worker-us-central1-api-fd8b535b-f410-4530-9012-0fdbaadaa5b7]: BUSY {"metadata":{"emulator":{"name":"functions"},"function":{"name":"us-central1-api"},"extension":{},"message":"[worker-us-central1-api-fd8b535b-f410-4530-9012-0fdbaadaa5b7]: BUSY"}}
[debug] [2024-10-16T11:38:31.395Z] Finishing up request with event=pause {"metadata":{"emulator":{"name":"functions"},"function":{"name":"us-central1-api"},"extension":{},"message":"Finishing up request with event=pause"}}
[info] i  functions: Finished "us-central1-api" in 3.5737ms {"metadata":{"emulator":{"name":"functions"},"function":{"name":"us-central1-api"},"extension":{},"message":"Finished \"us-central1-api\" in 3.5737ms"}}
[debug] [2024-10-16T11:38:31.396Z] [worker-us-central1-api-fd8b535b-f410-4530-9012-0fdbaadaa5b7]: IDLE {"metadata":{"emulator":{"name":"functions"},"function":{"name":"us-central1-api"},"extension":{},"message":"[worker-us-central1-api-fd8b535b-f410-4530-9012-0fdbaadaa5b7]: IDLE"}}
[debug] [2024-10-16T11:38:31.396Z] Finishing up request with event=finish {"metadata":{"emulator":{"name":"functions"},"function":{"name":"us-central1-api"},"extension":{},"message":"Finishing up request with event=finish"}}
[debug] [2024-10-16T11:38:31.396Z] Finishing up request with event=close {"metadata":{"emulator":{"name":"functions"},"function":{"name":"us-central1-api"},"extension":{},"message":"Finishing up request with event=close"}}
[debug] [2024-10-16T11:38:31.397Z] [work-queue] {"queuedWork":[],"queueLength":0,"runningWork":[],"workRunningCount":0}
[debug] [2024-10-16T11:38:45.108Z] [work-queue] {"queuedWork":["/heritage-homes-2ff7f/us-central1/api/payments/create-2024-10-16T11:38:45.107Z"],"queueLength":1,"runningWork":[],"workRunningCount":0}
[debug] [2024-10-16T11:38:45.109Z] [work-queue] {"queuedWork":[],"queueLength":0,"runningWork":["/heritage-homes-2ff7f/us-central1/api/payments/create-2024-10-16T11:38:45.107Z"],"workRunningCount":1}
[debug] [2024-10-16T11:38:45.109Z] Accepted request POST /heritage-homes-2ff7f/us-central1/api/payments/create?total=0 --> us-central1-api
[debug] [2024-10-16T11:38:45.113Z] [functions] Runtime ready! Sending request! {"metadata":{"emulator":{"name":"functions"},"message":"[functions] Runtime ready! Sending request!"}}
[debug] [2024-10-16T11:38:45.114Z] [functions] Got req.url=/heritage-homes-2ff7f/us-central1/api/payments/create?total=0, mapping to path=/payments/create?total=0 {"metadata":{"emulator":{"name":"functions"},"message":"[functions] Got req.url=/heritage-homes-2ff7f/us-central1/api/payments/create?total=0, mapping to path=/payments/create?total=0"}}
[debug] [2024-10-16T11:38:45.114Z] [worker-pool] submitRequest(triggerId=us-central1-api) {"metadata":{"emulator":{"name":"functions"},"message":"[worker-pool] submitRequest(triggerId=us-central1-api)"}}
[info] i  functions: Beginning execution of "us-central1-api" {"metadata":{"emulator":{"name":"functions"},"function":{"name":"us-central1-api"},"extension":{},"message":"Beginning execution of \"us-central1-api\""}}
[debug] [2024-10-16T11:38:45.116Z] [worker-us-central1-api-fd8b535b-f410-4530-9012-0fdbaadaa5b7]: BUSY {"metadata":{"emulator":{"name":"functions"},"function":{"name":"us-central1-api"},"extension":{},"message":"[worker-us-central1-api-fd8b535b-f410-4530-9012-0fdbaadaa5b7]: BUSY"}}
[info] >  Payment Request Recieved for amount >>> 0 {"user":"Payment Request Recieved for amount >>> 0","metadata":{"emulator":{"name":"functions"},"function":{"name":"us-central1-api"},"extension":{},"message":"\u001b[90m> \u001b[39m Payment Request Recieved for amount >>> 0"}}
[info] >  C:\Users\rachi\OneDrive\Desktop\PROJECT\HeritageHomes\heritagehomes\functions\node_modules\stripe\cjs\Error.js:11 {"user":"C:\\Users\\rachi\\OneDrive\\Desktop\\PROJECT\\HeritageHomes\\heritagehomes\\functions\\node_modules\\stripe\\cjs\\Error.js:11\r","metadata":{"emulator":{"name":"functions"},"function":{"name":"us-central1-api"},"extension":{},"message":"\u001b[90m> \u001b[39m C:\\Users\\rachi\\OneDrive\\Desktop\\PROJECT\\HeritageHomes\\heritagehomes\\functions\\node_modules\\stripe\\cjs\\Error.js:11\r"}}
[info] >              return new StripeInvalidRequestError(rawStripeError); {"user":"            return new StripeInvalidRequestError(rawStripeError);\r","metadata":{"emulator":{"name":"functions"},"function":{"name":"us-central1-api"},"extension":{},"message":"\u001b[90m> \u001b[39m             return new StripeInvalidRequestError(rawStripeError);\r"}}
[info] >                     ^ {"user":"                   ^\r","metadata":{"emulator":{"name":"functions"},"function":{"name":"us-central1-api"},"extension":{},"message":"\u001b[90m> \u001b[39m                    ^\r"}}
[info] >   {"user":"\r","metadata":{"emulator":{"name":"functions"},"function":{"name":"us-central1-api"},"extension":{},"message":"\u001b[90m> \u001b[39m \r"}}
[info] >  StripeInvalidRequestError: The amount must be greater than or equal to the minimum charge amount allowed for your account and the currency set (https://docs.stripe.com/currencies#minimum-and-maximum-charge-amounts).  If you want to save a Payment Method for future use without an immediate payment, use a Setup Intent instead: https://docs.stripe.com/payments/setup-intents {"user":"StripeInvalidRequestError: The amount must be greater than or equal to the minimum charge amount allowed for your account and the currency set (https://docs.stripe.com/currencies#minimum-and-maximum-charge-amounts).  If you want to save a Payment Method for future use without an immediate payment, use a Setup Intent instead: https://docs.stripe.com/payments/setup-intents\r","metadata":{"emulator":{"name":"functions"},"function":{"name":"us-central1-api"},"extension":{},"message":"\u001b[90m> \u001b[39m StripeInvalidRequestError: The amount must be greater than or equal to the minimum charge amount allowed for your account and the currency set (https://docs.stripe.com/currencies#minimum-and-maximum-charge-amounts).  If you want to save a Payment Method for future use without an immediate payment, use a Setup Intent instead: https://docs.stripe.com/payments/setup-intents\r"}}
[info] >      at generateV1Error (C:\Users\rachi\OneDrive\Desktop\PROJECT\HeritageHomes\heritagehomes\functions\node_modules\stripe\cjs\Error.js:11:20) {"user":"    at generateV1Error (C:\\Users\\rachi\\OneDrive\\Desktop\\PROJECT\\HeritageHomes\\heritagehomes\\functions\\node_modules\\stripe\\cjs\\Error.js:11:20)\r","metadata":{"emulator":{"name":"functions"},"function":{"name":"us-central1-api"},"extension":{},"message":"\u001b[90m> \u001b[39m     at generateV1Error (C:\\Users\\rachi\\OneDrive\\Desktop\\PROJECT\\HeritageHomes\\heritagehomes\\functions\\node_modules\\stripe\\cjs\\Error.js:11:20)\r"}}
[info] >      at res.toJSON.then.Error_js_1.StripeAPIError.message (C:\Users\rachi\OneDrive\Desktop\PROJECT\HeritageHomes\heritagehomes\functions\node_modules\stripe\cjs\RequestSender.js:108:62) {"user":"    at res.toJSON.then.Error_js_1.StripeAPIError.message (C:\\Users\\rachi\\OneDrive\\Desktop\\PROJECT\\HeritageHomes\\heritagehomes\\functions\\node_modules\\stripe\\cjs\\RequestSender.js:108:62)\r","metadata":{"emulator":{"name":"functions"},"function":{"name":"us-central1-api"},"extension":{},"message":"\u001b[90m> \u001b[39m     at res.toJSON.then.Error_js_1.StripeAPIError.message (C:\\Users\\rachi\\OneDrive\\Desktop\\PROJECT\\HeritageHomes\\heritagehomes\\functions\\node_modules\\stripe\\cjs\\RequestSender.js:108:62)\r"}}
[info] >      at process.processTicksAndRejections (node:internal/process/task_queues:95:5) { {"user":"    at process.processTicksAndRejections (node:internal/process/task_queues:95:5) {\r","metadata":{"emulator":{"name":"functions"},"function":{"name":"us-central1-api"},"extension":{},"message":"\u001b[90m> \u001b[39m     at process.processTicksAndRejections (node:internal/process/task_queues:95:5) {\r"}}
[info] >    type: 'StripeInvalidRequestError', {"user":"  type: 'StripeInvalidRequestError',\r","metadata":{"emulator":{"name":"functions"},"function":{"name":"us-central1-api"},"extension":{},"message":"\u001b[90m> \u001b[39m   type: 'StripeInvalidRequestError',\r"}}
[info] >    raw: { {"user":"  raw: {\r","metadata":{"emulator":{"name":"functions"},"function":{"name":"us-central1-api"},"extension":{},"message":"\u001b[90m> \u001b[39m   raw: {\r"}}
[info] >      code: 'parameter_invalid_integer', {"user":"    code: 'parameter_invalid_integer',\r","metadata":{"emulator":{"name":"functions"},"function":{"name":"us-central1-api"},"extension":{},"message":"\u001b[90m> \u001b[39m     code: 'parameter_invalid_integer',\r"}}
[info] >      doc_url: 'https://stripe.com/docs/error-codes/parameter-invalid-integer', {"user":"    doc_url: 'https://stripe.com/docs/error-codes/parameter-invalid-integer',\r","metadata":{"emulator":{"name":"functions"},"function":{"name":"us-central1-api"},"extension":{},"message":"\u001b[90m> \u001b[39m     doc_url: 'https://stripe.com/docs/error-codes/parameter-invalid-integer',\r"}}
[info] >      message: 'The amount must be greater than or equal to the minimum charge amount allowed for your account and the currency set (https://docs.stripe.com/currencies#minimum-and-maximum-charge-amounts).  If you want to save a Payment Method for future use without an immediate payment, use a Setup Intent instead: https://docs.stripe.com/payments/setup-intents', {"user":"    message: 'The amount must be greater than or equal to the minimum charge amount allowed for your account and the currency set (https://docs.stripe.com/currencies#minimum-and-maximum-charge-amounts).  If you want to save a Payment Method for future use without an immediate payment, use a Setup Intent instead: https://docs.stripe.com/payments/setup-intents',\r","metadata":{"emulator":{"name":"functions"},"function":{"name":"us-central1-api"},"extension":{},"message":"\u001b[90m> \u001b[39m     message: 'The amount must be greater than or equal to the minimum charge amount allowed for your account and the currency set (https://docs.stripe.com/currencies#minimum-and-maximum-charge-amounts).  If you want to save a Payment Method for future use without an immediate payment, use a Setup Intent instead: https://docs.stripe.com/payments/setup-intents',\r"}}
[info] >      param: 'amount', {"user":"    param: 'amount',\r","metadata":{"emulator":{"name":"functions"},"function":{"name":"us-central1-api"},"extension":{},"message":"\u001b[90m> \u001b[39m     param: 'amount',\r"}}
[info] >      request_log_url: 'https://dashboard.stripe.com/test/logs/req_Gu3XLm9ZxjwAUV?t=1729078725', {"user":"    request_log_url: 'https://dashboard.stripe.com/test/logs/req_Gu3XLm9ZxjwAUV?t=1729078725',\r","metadata":{"emulator":{"name":"functions"},"function":{"name":"us-central1-api"},"extension":{},"message":"\u001b[90m> \u001b[39m     request_log_url: 'https://dashboard.stripe.com/test/logs/req_Gu3XLm9ZxjwAUV?t=1729078725',\r"}}
[info] >      type: 'invalid_request_error', {"user":"    type: 'invalid_request_error',\r","metadata":{"emulator":{"name":"functions"},"function":{"name":"us-central1-api"},"extension":{},"message":"\u001b[90m> \u001b[39m     type: 'invalid_request_error',\r"}}
[info] >      headers: { {"user":"    headers: {\r","metadata":{"emulator":{"name":"functions"},"function":{"name":"us-central1-api"},"extension":{},"message":"\u001b[90m> \u001b[39m     headers: {\r"}}
[info] >        server: 'nginx', {"user":"      server: 'nginx',\r","metadata":{"emulator":{"name":"functions"},"function":{"name":"us-central1-api"},"extension":{},"message":"\u001b[90m> \u001b[39m       server: 'nginx',\r"}}
[info] >        date: 'Wed, 16 Oct 2024 11:38:45 GMT', {"user":"      date: 'Wed, 16 Oct 2024 11:38:45 GMT',\r","metadata":{"emulator":{"name":"functions"},"function":{"name":"us-central1-api"},"extension":{},"message":"\u001b[90m> \u001b[39m       date: 'Wed, 16 Oct 2024 11:38:45 GMT',\r"}}
[info] >        'content-type': 'application/json', {"user":"      'content-type': 'application/json',\r","metadata":{"emulator":{"name":"functions"},"function":{"name":"us-central1-api"},"extension":{},"message":"\u001b[90m> \u001b[39m       'content-type': 'application/json',\r"}}
[info] >        'content-length': '663', {"user":"      'content-length': '663',\r","metadata":{"emulator":{"name":"functions"},"function":{"name":"us-central1-api"},"extension":{},"message":"\u001b[90m> \u001b[39m       'content-length': '663',\r"}}
[info] >        connection: 'keep-alive', {"user":"      connection: 'keep-alive',\r","metadata":{"emulator":{"name":"functions"},"function":{"name":"us-central1-api"},"extension":{},"message":"\u001b[90m> \u001b[39m       connection: 'keep-alive',\r"}}
[info] >        'access-control-allow-credentials': 'true', {"user":"      'access-control-allow-credentials': 'true',\r","metadata":{"emulator":{"name":"functions"},"function":{"name":"us-central1-api"},"extension":{},"message":"\u001b[90m> \u001b[39m       'access-control-allow-credentials': 'true',\r"}}
[info] >        'access-control-allow-methods': 'GET, HEAD, PUT, PATCH, POST, DELETE', {"user":"      'access-control-allow-methods': 'GET, HEAD, PUT, PATCH, POST, DELETE',\r","metadata":{"emulator":{"name":"functions"},"function":{"name":"us-central1-api"},"extension":{},"message":"\u001b[90m> \u001b[39m       'access-control-allow-methods': 'GET, HEAD, PUT, PATCH, POST, DELETE',\r"}}
[info] >        'access-control-allow-origin': '*', {"user":"      'access-control-allow-origin': '*',\r","metadata":{"emulator":{"name":"functions"},"function":{"name":"us-central1-api"},"extension":{},"message":"\u001b[90m> \u001b[39m       'access-control-allow-origin': '*',\r"}}
[info] >        'access-control-expose-headers': 'Request-Id, Stripe-Manage-Version, Stripe-Should-Retry, X-Stripe-External-Auth-Required, X-Stripe-Privileged-Session-Required', {"user":"      'access-control-expose-headers': 'Request-Id, Stripe-Manage-Version, Stripe-Should-Retry, X-Stripe-External-Auth-Required, X-Stripe-Privileged-Session-Required',\r","metadata":{"emulator":{"name":"functions"},"function":{"name":"us-central1-api"},"extension":{},"message":"\u001b[90m> \u001b[39m       'access-control-expose-headers': 'Request-Id, Stripe-Manage-Version, Stripe-Should-Retry, X-Stripe-External-Auth-Required, X-Stripe-Privileged-Session-Required',\r"}}
[info] >        'access-control-max-age': '300', {"user":"      'access-control-max-age': '300',\r","metadata":{"emulator":{"name":"functions"},"function":{"name":"us-central1-api"},"extension":{},"message":"\u001b[90m> \u001b[39m       'access-control-max-age': '300',\r"}}
[info] >        'cache-control': 'no-cache, no-store', {"user":"      'cache-control': 'no-cache, no-store',\r","metadata":{"emulator":{"name":"functions"},"function":{"name":"us-central1-api"},"extension":{},"message":"\u001b[90m> \u001b[39m       'cache-control': 'no-cache, no-store',\r"}}
[info] >        'content-security-policy': "report-uri https://q.stripe.com/csp-report?p=v1%2Fpayment_intents; block-all-mixed-content; default-src 'none'; base-uri 'none'; form-action 'none'; frame-ancestors 'none'; img-src 'self'; script-src 'self' 'report-sample'; style-src 'self'", {"user":"      'content-security-policy': \"report-uri https://q.stripe.com/csp-report?p=v1%2Fpayment_intents; block-all-mixed-content; default-src 'none'; base-uri 'none'; form-action 'none'; frame-ancestors 'none'; img-src 'self'; script-src 'self' 'report-sample'; style-src 'self'\",\r","metadata":{"emulator":{"name":"functions"},"function":{"name":"us-central1-api"},"extension":{},"message":"\u001b[90m> \u001b[39m       'content-security-policy': \"report-uri https://q.stripe.com/csp-report?p=v1%2Fpayment_intents; block-all-mixed-content; default-src 'none'; base-uri 'none'; form-action 'none'; frame-ancestors 'none'; img-src 'self'; script-src 'self' 'report-sample'; style-src 'self'\",\r"}}
[info] >        'cross-origin-opener-policy-report-only': 'same-origin; report-to="coop"', {"user":"      'cross-origin-opener-policy-report-only': 'same-origin; report-to=\"coop\"',\r","metadata":{"emulator":{"name":"functions"},"function":{"name":"us-central1-api"},"extension":{},"message":"\u001b[90m> \u001b[39m       'cross-origin-opener-policy-report-only': 'same-origin; report-to=\"coop\"',\r"}}
[info] >        'idempotency-key': 'stripe-node-retry-d5a8be51-63b3-475b-b68a-2907a24662db', {"user":"      'idempotency-key': 'stripe-node-retry-d5a8be51-63b3-475b-b68a-2907a24662db',\r","metadata":{"emulator":{"name":"functions"},"function":{"name":"us-central1-api"},"extension":{},"message":"\u001b[90m> \u001b[39m       'idempotency-key': 'stripe-node-retry-d5a8be51-63b3-475b-b68a-2907a24662db',\r"}}
[info] >        'original-request': 'req_Gu3XLm9ZxjwAUV', {"user":"      'original-request': 'req_Gu3XLm9ZxjwAUV',\r","metadata":{"emulator":{"name":"functions"},"function":{"name":"us-central1-api"},"extension":{},"message":"\u001b[90m> \u001b[39m       'original-request': 'req_Gu3XLm9ZxjwAUV',\r"}}
[info] >        'report-to': '{"group":"coop","max_age":8640,"endpoints":[{"url":"https://q.stripe.com/coop-report?s=payins-bapi-srv"}],"include_subdomains":true}', {"user":"      'report-to': '{\"group\":\"coop\",\"max_age\":8640,\"endpoints\":[{\"url\":\"https://q.stripe.com/coop-report?s=payins-bapi-srv\"}],\"include_subdomains\":true}',\r","metadata":{"emulator":{"name":"functions"},"function":{"name":"us-central1-api"},"extension":{},"message":"\u001b[90m> \u001b[39m       'report-to': '{\"group\":\"coop\",\"max_age\":8640,\"endpoints\":[{\"url\":\"https://q.stripe.com/coop-report?s=payins-bapi-srv\"}],\"include_subdomains\":true}',\r"}}
[info] >        'reporting-endpoints': 'coop="https://q.stripe.com/coop-report?s=payins-bapi-srv"', {"user":"      'reporting-endpoints': 'coop=\"https://q.stripe.com/coop-report?s=payins-bapi-srv\"',\r","metadata":{"emulator":{"name":"functions"},"function":{"name":"us-central1-api"},"extension":{},"message":"\u001b[90m> \u001b[39m       'reporting-endpoints': 'coop=\"https://q.stripe.com/coop-report?s=payins-bapi-srv\"',\r"}}
[info] >        'request-id': 'req_Gu3XLm9ZxjwAUV', {"user":"      'request-id': 'req_Gu3XLm9ZxjwAUV',\r","metadata":{"emulator":{"name":"functions"},"function":{"name":"us-central1-api"},"extension":{},"message":"\u001b[90m> \u001b[39m       'request-id': 'req_Gu3XLm9ZxjwAUV',\r"}}
[info] >        'stripe-version': '2024-09-30.acacia', {"user":"      'stripe-version': '2024-09-30.acacia',\r","metadata":{"emulator":{"name":"functions"},"function":{"name":"us-central1-api"},"extension":{},"message":"\u001b[90m> \u001b[39m       'stripe-version': '2024-09-30.acacia',\r"}}
[info] >        vary: 'Origin', {"user":"      vary: 'Origin',\r","metadata":{"emulator":{"name":"functions"},"function":{"name":"us-central1-api"},"extension":{},"message":"\u001b[90m> \u001b[39m       vary: 'Origin',\r"}}
[info] >        'x-content-type-options': 'nosniff', {"user":"      'x-content-type-options': 'nosniff',\r","metadata":{"emulator":{"name":"functions"},"function":{"name":"us-central1-api"},"extension":{},"message":"\u001b[90m> \u001b[39m       'x-content-type-options': 'nosniff',\r"}}
[info] >        'x-stripe-priority-routing-enabled': 'true', {"user":"      'x-stripe-priority-routing-enabled': 'true',\r","metadata":{"emulator":{"name":"functions"},"function":{"name":"us-central1-api"},"extension":{},"message":"\u001b[90m> \u001b[39m       'x-stripe-priority-routing-enabled': 'true',\r"}}
[info] >        'x-stripe-routing-context-priority-tier': 'api-testmode', {"user":"      'x-stripe-routing-context-priority-tier': 'api-testmode',\r","metadata":{"emulator":{"name":"functions"},"function":{"name":"us-central1-api"},"extension":{},"message":"\u001b[90m> \u001b[39m       'x-stripe-routing-context-priority-tier': 'api-testmode',\r"}}
[info] >        'x-wc': 'A', {"user":"      'x-wc': 'A',\r","metadata":{"emulator":{"name":"functions"},"function":{"name":"us-central1-api"},"extension":{},"message":"\u001b[90m> \u001b[39m       'x-wc': 'A',\r"}}
[info] >        'strict-transport-security': 'max-age=63072000; includeSubDomains; preload' {"user":"      'strict-transport-security': 'max-age=63072000; includeSubDomains; preload'\r","metadata":{"emulator":{"name":"functions"},"function":{"name":"us-central1-api"},"extension":{},"message":"\u001b[90m> \u001b[39m       'strict-transport-security': 'max-age=63072000; includeSubDomains; preload'\r"}}
[info] >      }, {"user":"    },\r","metadata":{"emulator":{"name":"functions"},"function":{"name":"us-central1-api"},"extension":{},"message":"\u001b[90m> \u001b[39m     },\r"}}
[info] >      statusCode: 400, {"user":"    statusCode: 400,\r","metadata":{"emulator":{"name":"functions"},"function":{"name":"us-central1-api"},"extension":{},"message":"\u001b[90m> \u001b[39m     statusCode: 400,\r"}}
[info] >      requestId: 'req_Gu3XLm9ZxjwAUV' {"user":"    requestId: 'req_Gu3XLm9ZxjwAUV'\r","metadata":{"emulator":{"name":"functions"},"function":{"name":"us-central1-api"},"extension":{},"message":"\u001b[90m> \u001b[39m     requestId: 'req_Gu3XLm9ZxjwAUV'\r"}}
[info] >    }, {"user":"  },\r","metadata":{"emulator":{"name":"functions"},"function":{"name":"us-central1-api"},"extension":{},"message":"\u001b[90m> \u001b[39m   },\r"}}
[info] >    rawType: 'invalid_request_error', {"user":"  rawType: 'invalid_request_error',\r","metadata":{"emulator":{"name":"functions"},"function":{"name":"us-central1-api"},"extension":{},"message":"\u001b[90m> \u001b[39m   rawType: 'invalid_request_error',\r"}}
[info] >    code: 'parameter_invalid_integer', {"user":"  code: 'parameter_invalid_integer',\r","metadata":{"emulator":{"name":"functions"},"function":{"name":"us-central1-api"},"extension":{},"message":"\u001b[90m> \u001b[39m   code: 'parameter_invalid_integer',\r"}}
[info] >    doc_url: 'https://stripe.com/docs/error-codes/parameter-invalid-integer', {"user":"  doc_url: 'https://stripe.com/docs/error-codes/parameter-invalid-integer',\r","metadata":{"emulator":{"name":"functions"},"function":{"name":"us-central1-api"},"extension":{},"message":"\u001b[90m> \u001b[39m   doc_url: 'https://stripe.com/docs/error-codes/parameter-invalid-integer',\r"}}
[info] >    param: 'amount', {"user":"  param: 'amount',\r","metadata":{"emulator":{"name":"functions"},"function":{"name":"us-central1-api"},"extension":{},"message":"\u001b[90m> \u001b[39m   param: 'amount',\r"}}
[info] >    detail: undefined, {"user":"  detail: undefined,\r","metadata":{"emulator":{"name":"functions"},"function":{"name":"us-central1-api"},"extension":{},"message":"\u001b[90m> \u001b[39m   detail: undefined,\r"}}
[info] >    headers: { {"user":"  headers: {\r","metadata":{"emulator":{"name":"functions"},"function":{"name":"us-central1-api"},"extension":{},"message":"\u001b[90m> \u001b[39m   headers: {\r"}}
[info] >      server: 'nginx', {"user":"    server: 'nginx',\r","metadata":{"emulator":{"name":"functions"},"function":{"name":"us-central1-api"},"extension":{},"message":"\u001b[90m> \u001b[39m     server: 'nginx',\r"}}
[info] >      date: 'Wed, 16 Oct 2024 11:38:45 GMT', {"user":"    date: 'Wed, 16 Oct 2024 11:38:45 GMT',\r","metadata":{"emulator":{"name":"functions"},"function":{"name":"us-central1-api"},"extension":{},"message":"\u001b[90m> \u001b[39m     date: 'Wed, 16 Oct 2024 11:38:45 GMT',\r"}}
[info] >      'content-type': 'application/json', {"user":"    'content-type': 'application/json',\r","metadata":{"emulator":{"name":"functions"},"function":{"name":"us-central1-api"},"extension":{},"message":"\u001b[90m> \u001b[39m     'content-type': 'application/json',\r"}}
[info] >      'content-length': '663', {"user":"    'content-length': '663',\r","metadata":{"emulator":{"name":"functions"},"function":{"name":"us-central1-api"},"extension":{},"message":"\u001b[90m> \u001b[39m     'content-length': '663',\r"}}
[info] >      connection: 'keep-alive', {"user":"    connection: 'keep-alive',\r","metadata":{"emulator":{"name":"functions"},"function":{"name":"us-central1-api"},"extension":{},"message":"\u001b[90m> \u001b[39m     connection: 'keep-alive',\r"}}
[info] >      'access-control-allow-credentials': 'true', {"user":"    'access-control-allow-credentials': 'true',\r","metadata":{"emulator":{"name":"functions"},"function":{"name":"us-central1-api"},"extension":{},"message":"\u001b[90m> \u001b[39m     'access-control-allow-credentials': 'true',\r"}}
[info] >      'access-control-allow-methods': 'GET, HEAD, PUT, PATCH, POST, DELETE', {"user":"    'access-control-allow-methods': 'GET, HEAD, PUT, PATCH, POST, DELETE',\r","metadata":{"emulator":{"name":"functions"},"function":{"name":"us-central1-api"},"extension":{},"message":"\u001b[90m> \u001b[39m     'access-control-allow-methods': 'GET, HEAD, PUT, PATCH, POST, DELETE',\r"}}
[info] >      'access-control-allow-origin': '*', {"user":"    'access-control-allow-origin': '*',\r","metadata":{"emulator":{"name":"functions"},"function":{"name":"us-central1-api"},"extension":{},"message":"\u001b[90m> \u001b[39m     'access-control-allow-origin': '*',\r"}}
[info] >      'access-control-expose-headers': 'Request-Id, Stripe-Manage-Version, Stripe-Should-Retry, X-Stripe-External-Auth-Required, X-Stripe-Privileged-Session-Required', {"user":"    'access-control-expose-headers': 'Request-Id, Stripe-Manage-Version, Stripe-Should-Retry, X-Stripe-External-Auth-Required, X-Stripe-Privileged-Session-Required',\r","metadata":{"emulator":{"name":"functions"},"function":{"name":"us-central1-api"},"extension":{},"message":"\u001b[90m> \u001b[39m     'access-control-expose-headers': 'Request-Id, Stripe-Manage-Version, Stripe-Should-Retry, X-Stripe-External-Auth-Required, X-Stripe-Privileged-Session-Required',\r"}}
[info] >      'access-control-max-age': '300', {"user":"    'access-control-max-age': '300',\r","metadata":{"emulator":{"name":"functions"},"function":{"name":"us-central1-api"},"extension":{},"message":"\u001b[90m> \u001b[39m     'access-control-max-age': '300',\r"}}
[info] >      'cache-control': 'no-cache, no-store', {"user":"    'cache-control': 'no-cache, no-store',\r","metadata":{"emulator":{"name":"functions"},"function":{"name":"us-central1-api"},"extension":{},"message":"\u001b[90m> \u001b[39m     'cache-control': 'no-cache, no-store',\r"}}
[info] >      'content-security-policy': "report-uri https://q.stripe.com/csp-report?p=v1%2Fpayment_intents; block-all-mixed-content; default-src 'none'; base-uri 'none'; form-action 'none'; frame-ancestors 'none'; img-src 'self'; script-src 'self' 'report-sample'; style-src 'self'", {"user":"    'content-security-policy': \"report-uri https://q.stripe.com/csp-report?p=v1%2Fpayment_intents; block-all-mixed-content; default-src 'none'; base-uri 'none'; form-action 'none'; frame-ancestors 'none'; img-src 'self'; script-src 'self' 'report-sample'; style-src 'self'\",\r","metadata":{"emulator":{"name":"functions"},"function":{"name":"us-central1-api"},"extension":{},"message":"\u001b[90m> \u001b[39m     'content-security-policy': \"report-uri https://q.stripe.com/csp-report?p=v1%2Fpayment_intents; block-all-mixed-content; default-src 'none'; base-uri 'none'; form-action 'none'; frame-ancestors 'none'; img-src 'self'; script-src 'self' 'report-sample'; style-src 'self'\",\r"}}
[info] >      'cross-origin-opener-policy-report-only': 'same-origin; report-to="coop"', {"user":"    'cross-origin-opener-policy-report-only': 'same-origin; report-to=\"coop\"',\r","metadata":{"emulator":{"name":"functions"},"function":{"name":"us-central1-api"},"extension":{},"message":"\u001b[90m> \u001b[39m     'cross-origin-opener-policy-report-only': 'same-origin; report-to=\"coop\"',\r"}}
[info] >      'idempotency-key': 'stripe-node-retry-d5a8be51-63b3-475b-b68a-2907a24662db', {"user":"    'idempotency-key': 'stripe-node-retry-d5a8be51-63b3-475b-b68a-2907a24662db',\r","metadata":{"emulator":{"name":"functions"},"function":{"name":"us-central1-api"},"extension":{},"message":"\u001b[90m> \u001b[39m     'idempotency-key': 'stripe-node-retry-d5a8be51-63b3-475b-b68a-2907a24662db',\r"}}
[info] >      'original-request': 'req_Gu3XLm9ZxjwAUV', {"user":"    'original-request': 'req_Gu3XLm9ZxjwAUV',\r","metadata":{"emulator":{"name":"functions"},"function":{"name":"us-central1-api"},"extension":{},"message":"\u001b[90m> \u001b[39m     'original-request': 'req_Gu3XLm9ZxjwAUV',\r"}}
[info] >      'report-to': '{"group":"coop","max_age":8640,"endpoints":[{"url":"https://q.stripe.com/coop-report?s=payins-bapi-srv"}],"include_subdomains":true}', {"user":"    'report-to': '{\"group\":\"coop\",\"max_age\":8640,\"endpoints\":[{\"url\":\"https://q.stripe.com/coop-report?s=payins-bapi-srv\"}],\"include_subdomains\":true}',\r","metadata":{"emulator":{"name":"functions"},"function":{"name":"us-central1-api"},"extension":{},"message":"\u001b[90m> \u001b[39m     'report-to': '{\"group\":\"coop\",\"max_age\":8640,\"endpoints\":[{\"url\":\"https://q.stripe.com/coop-report?s=payins-bapi-srv\"}],\"include_subdomains\":true}',\r"}}
[info] >      'reporting-endpoints': 'coop="https://q.stripe.com/coop-report?s=payins-bapi-srv"', {"user":"    'reporting-endpoints': 'coop=\"https://q.stripe.com/coop-report?s=payins-bapi-srv\"',\r","metadata":{"emulator":{"name":"functions"},"function":{"name":"us-central1-api"},"extension":{},"message":"\u001b[90m> \u001b[39m     'reporting-endpoints': 'coop=\"https://q.stripe.com/coop-report?s=payins-bapi-srv\"',\r"}}
[info] >      'request-id': 'req_Gu3XLm9ZxjwAUV', {"user":"    'request-id': 'req_Gu3XLm9ZxjwAUV',\r","metadata":{"emulator":{"name":"functions"},"function":{"name":"us-central1-api"},"extension":{},"message":"\u001b[90m> \u001b[39m     'request-id': 'req_Gu3XLm9ZxjwAUV',\r"}}
[info] >      'stripe-version': '2024-09-30.acacia', {"user":"    'stripe-version': '2024-09-30.acacia',\r","metadata":{"emulator":{"name":"functions"},"function":{"name":"us-central1-api"},"extension":{},"message":"\u001b[90m> \u001b[39m     'stripe-version': '2024-09-30.acacia',\r"}}
[info] >      vary: 'Origin', {"user":"    vary: 'Origin',\r","metadata":{"emulator":{"name":"functions"},"function":{"name":"us-central1-api"},"extension":{},"message":"\u001b[90m> \u001b[39m     vary: 'Origin',\r"}}
[info] >      'x-content-type-options': 'nosniff', {"user":"    'x-content-type-options': 'nosniff',\r","metadata":{"emulator":{"name":"functions"},"function":{"name":"us-central1-api"},"extension":{},"message":"\u001b[90m> \u001b[39m     'x-content-type-options': 'nosniff',\r"}}
[info] >      'x-stripe-priority-routing-enabled': 'true', {"user":"    'x-stripe-priority-routing-enabled': 'true',\r","metadata":{"emulator":{"name":"functions"},"function":{"name":"us-central1-api"},"extension":{},"message":"\u001b[90m> \u001b[39m     'x-stripe-priority-routing-enabled': 'true',\r"}}
[info] >      'x-stripe-routing-context-priority-tier': 'api-testmode', {"user":"    'x-stripe-routing-context-priority-tier': 'api-testmode',\r","metadata":{"emulator":{"name":"functions"},"function":{"name":"us-central1-api"},"extension":{},"message":"\u001b[90m> \u001b[39m     'x-stripe-routing-context-priority-tier': 'api-testmode',\r"}}
[info] >      'x-wc': 'A', {"user":"    'x-wc': 'A',\r","metadata":{"emulator":{"name":"functions"},"function":{"name":"us-central1-api"},"extension":{},"message":"\u001b[90m> \u001b[39m     'x-wc': 'A',\r"}}
[info] >      'strict-transport-security': 'max-age=63072000; includeSubDomains; preload' {"user":"    'strict-transport-security': 'max-age=63072000; includeSubDomains; preload'\r","metadata":{"emulator":{"name":"functions"},"function":{"name":"us-central1-api"},"extension":{},"message":"\u001b[90m> \u001b[39m     'strict-transport-security': 'max-age=63072000; includeSubDomains; preload'\r"}}
[info] >    }, {"user":"  },\r","metadata":{"emulator":{"name":"functions"},"function":{"name":"us-central1-api"},"extension":{},"message":"\u001b[90m> \u001b[39m   },\r"}}
[info] >    requestId: 'req_Gu3XLm9ZxjwAUV', {"user":"  requestId: 'req_Gu3XLm9ZxjwAUV',\r","metadata":{"emulator":{"name":"functions"},"function":{"name":"us-central1-api"},"extension":{},"message":"\u001b[90m> \u001b[39m   requestId: 'req_Gu3XLm9ZxjwAUV',\r"}}
[info] >    statusCode: 400, {"user":"  statusCode: 400,\r","metadata":{"emulator":{"name":"functions"},"function":{"name":"us-central1-api"},"extension":{},"message":"\u001b[90m> \u001b[39m   statusCode: 400,\r"}}
[info] >    userMessage: undefined, {"user":"  userMessage: undefined,\r","metadata":{"emulator":{"name":"functions"},"function":{"name":"us-central1-api"},"extension":{},"message":"\u001b[90m> \u001b[39m   userMessage: undefined,\r"}}
[info] >    charge: undefined, {"user":"  charge: undefined,\r","metadata":{"emulator":{"name":"functions"},"function":{"name":"us-central1-api"},"extension":{},"message":"\u001b[90m> \u001b[39m   charge: undefined,\r"}}
[info] >    decline_code: undefined, {"user":"  decline_code: undefined,\r","metadata":{"emulator":{"name":"functions"},"function":{"name":"us-central1-api"},"extension":{},"message":"\u001b[90m> \u001b[39m   decline_code: undefined,\r"}}
[info] >    payment_intent: undefined, {"user":"  payment_intent: undefined,\r","metadata":{"emulator":{"name":"functions"},"function":{"name":"us-central1-api"},"extension":{},"message":"\u001b[90m> \u001b[39m   payment_intent: undefined,\r"}}
[info] >    payment_method: undefined, {"user":"  payment_method: undefined,\r","metadata":{"emulator":{"name":"functions"},"function":{"name":"us-central1-api"},"extension":{},"message":"\u001b[90m> \u001b[39m   payment_method: undefined,\r"}}
[info] >    payment_method_type: undefined, {"user":"  payment_method_type: undefined,\r","metadata":{"emulator":{"name":"functions"},"function":{"name":"us-central1-api"},"extension":{},"message":"\u001b[90m> \u001b[39m   payment_method_type: undefined,\r"}}
[info] >    setup_intent: undefined, {"user":"  setup_intent: undefined,\r","metadata":{"emulator":{"name":"functions"},"function":{"name":"us-central1-api"},"extension":{},"message":"\u001b[90m> \u001b[39m   setup_intent: undefined,\r"}}
[info] >    source: undefined {"user":"  source: undefined\r","metadata":{"emulator":{"name":"functions"},"function":{"name":"us-central1-api"},"extension":{},"message":"\u001b[90m> \u001b[39m   source: undefined\r"}}
[info] >  } {"user":"}\r","metadata":{"emulator":{"name":"functions"},"function":{"name":"us-central1-api"},"extension":{},"message":"\u001b[90m> \u001b[39m }\r"}}
[error] i  Request to function failed: Error: socket hang up {"metadata":{"emulator":{"name":"functions"},"function":{"name":"us-central1-api"},"extension":{},"message":"Request to function failed: Error: socket hang up"}}
[debug] [2024-10-16T11:38:45.983Z] [work-queue] {"queuedWork":[],"queueLength":0,"runningWork":[],"workRunningCount":0}
[debug] [2024-10-16T11:38:45.984Z] [worker-us-central1-api-fd8b535b-f410-4530-9012-0fdbaadaa5b7]: exited {"metadata":{"emulator":{"name":"functions"},"function":{"name":"us-central1-api"},"extension":{},"message":"[worker-us-central1-api-fd8b535b-f410-4530-9012-0fdbaadaa5b7]: exited"}}
[debug] [2024-10-16T11:38:45.984Z] [worker-us-central1-api-fd8b535b-f410-4530-9012-0fdbaadaa5b7]: FINISHED {"metadata":{"emulator":{"name":"functions"},"function":{"name":"us-central1-api"},"extension":{},"message":"[worker-us-central1-api-fd8b535b-f410-4530-9012-0fdbaadaa5b7]: FINISHED"}}
[debug] [2024-10-16T11:38:57.026Z] [work-queue] {"queuedWork":["/heritage-homes-2ff7f/us-central1/api/payments/create-2024-10-16T11:38:57.026Z"],"queueLength":1,"runningWork":[],"workRunningCount":0}
[debug] [2024-10-16T11:38:57.026Z] [work-queue] {"queuedWork":[],"queueLength":0,"runningWork":["/heritage-homes-2ff7f/us-central1/api/payments/create-2024-10-16T11:38:57.026Z"],"workRunningCount":1}
[debug] [2024-10-16T11:38:57.026Z] Accepted request POST /heritage-homes-2ff7f/us-central1/api/payments/create?total=186000 --> us-central1-api
[debug] [2024-10-16T11:38:57.034Z] [functions] Runtime ready! Sending request! {"metadata":{"emulator":{"name":"functions"},"message":"[functions] Runtime ready! Sending request!"}}
[debug] [2024-10-16T11:38:57.034Z] [functions] Got req.url=/heritage-homes-2ff7f/us-central1/api/payments/create?total=186000, mapping to path=/payments/create?total=186000 {"metadata":{"emulator":{"name":"functions"},"message":"[functions] Got req.url=/heritage-homes-2ff7f/us-central1/api/payments/create?total=186000, mapping to path=/payments/create?total=186000"}}
[debug] [2024-10-16T11:38:57.035Z] [worker-pool] Cleaned up workers for us-central1-api: 1 --> 0 {"metadata":{"emulator":{"name":"functions"},"message":"[worker-pool] Cleaned up workers for us-central1-api: 1 --> 0"}}
[debug] [2024-10-16T11:38:57.057Z] [worker-pool] addWorker(us-central1-api) {"metadata":{"emulator":{"name":"functions"},"message":"[worker-pool] addWorker(us-central1-api)"}}
[debug] [2024-10-16T11:38:57.058Z] [worker-pool] Adding worker with key us-central1-api, total=1 {"metadata":{"emulator":{"name":"functions"},"message":"[worker-pool] Adding worker with key us-central1-api, total=1"}}
[debug] [2024-10-16T11:38:58.692Z] [runtime-status] [21012] Resolved module firebase-admin {"declared":true,"installed":true,"version":"12.6.0","resolution":"C:\\Users\\rachi\\OneDrive\\Desktop\\PROJECT\\HeritageHomes\\heritagehomes\\functions\\node_modules\\firebase-admin\\lib\\index.js"} {"metadata":{"emulator":{"name":"functions"},"function":{"name":"us-central1-api"},"extension":{},"message":"[runtime-status] [21012] Resolved module firebase-admin {\"declared\":true,\"installed\":true,\"version\":\"12.6.0\",\"resolution\":\"C:\\\\Users\\\\rachi\\\\OneDrive\\\\Desktop\\\\PROJECT\\\\HeritageHomes\\\\heritagehomes\\\\functions\\\\node_modules\\\\firebase-admin\\\\lib\\\\index.js\"}"}}
[debug] [2024-10-16T11:38:58.694Z] [runtime-status] [21012] Resolved module firebase-functions {"declared":true,"installed":true,"version":"5.1.1","resolution":"C:\\Users\\rachi\\OneDrive\\Desktop\\PROJECT\\HeritageHomes\\heritagehomes\\functions\\node_modules\\firebase-functions\\lib\\v1\\index.js"} {"metadata":{"emulator":{"name":"functions"},"function":{"name":"us-central1-api"},"extension":{},"message":"[runtime-status] [21012] Resolved module firebase-functions {\"declared\":true,\"installed\":true,\"version\":\"5.1.1\",\"resolution\":\"C:\\\\Users\\\\rachi\\\\OneDrive\\\\Desktop\\\\PROJECT\\\\HeritageHomes\\\\heritagehomes\\\\functions\\\\node_modules\\\\firebase-functions\\\\lib\\\\v1\\\\index.js\"}"}}
[debug] [2024-10-16T11:38:58.694Z] [runtime-status] [21012] Outgoing network have been stubbed. [{"name":"http","status":"mocked"},{"name":"http","status":"mocked"},{"name":"https","status":"mocked"},{"name":"https","status":"mocked"},{"name":"net","status":"mocked"}] {"metadata":{"emulator":{"name":"functions"},"function":{"name":"us-central1-api"},"extension":{},"message":"[runtime-status] [21012] Outgoing network have been stubbed. [{\"name\":\"http\",\"status\":\"mocked\"},{\"name\":\"http\",\"status\":\"mocked\"},{\"name\":\"https\",\"status\":\"mocked\"},{\"name\":\"https\",\"status\":\"mocked\"},{\"name\":\"net\",\"status\":\"mocked\"}]"}}
[debug] [2024-10-16T11:38:58.695Z] [runtime-status] [21012] Resolved module firebase-functions {"declared":true,"installed":true,"version":"5.1.1","resolution":"C:\\Users\\rachi\\OneDrive\\Desktop\\PROJECT\\HeritageHomes\\heritagehomes\\functions\\node_modules\\firebase-functions\\lib\\v1\\index.js"} {"metadata":{"emulator":{"name":"functions"},"function":{"name":"us-central1-api"},"extension":{},"message":"[runtime-status] [21012] Resolved module firebase-functions {\"declared\":true,\"installed\":true,\"version\":\"5.1.1\",\"resolution\":\"C:\\\\Users\\\\rachi\\\\OneDrive\\\\Desktop\\\\PROJECT\\\\HeritageHomes\\\\heritagehomes\\\\functions\\\\node_modules\\\\firebase-functions\\\\lib\\\\v1\\\\index.js\"}"}}
[debug] [2024-10-16T11:38:59.034Z] [runtime-status] [21012] Checked functions.config() {"config":{}} {"metadata":{"emulator":{"name":"functions"},"function":{"name":"us-central1-api"},"extension":{},"message":"[runtime-status] [21012] Checked functions.config() {\"config\":{}}"}}
[debug] [2024-10-16T11:38:59.034Z] [runtime-status] [21012] firebase-functions has been stubbed. {"functionsResolution":{"declared":true,"installed":true,"version":"5.1.1","resolution":"C:\\Users\\rachi\\OneDrive\\Desktop\\PROJECT\\HeritageHomes\\heritagehomes\\functions\\node_modules\\firebase-functions\\lib\\v1\\index.js"}} {"metadata":{"emulator":{"name":"functions"},"function":{"name":"us-central1-api"},"extension":{},"message":"[runtime-status] [21012] firebase-functions has been stubbed. {\"functionsResolution\":{\"declared\":true,\"installed\":true,\"version\":\"5.1.1\",\"resolution\":\"C:\\\\Users\\\\rachi\\\\OneDrive\\\\Desktop\\\\PROJECT\\\\HeritageHomes\\\\heritagehomes\\\\functions\\\\node_modules\\\\firebase-functions\\\\lib\\\\v1\\\\index.js\"}}"}}
[debug] [2024-10-16T11:38:59.035Z] [runtime-status] [21012] Resolved module firebase-functions {"declared":true,"installed":true,"version":"5.1.1","resolution":"C:\\Users\\rachi\\OneDrive\\Desktop\\PROJECT\\HeritageHomes\\heritagehomes\\functions\\node_modules\\firebase-functions\\lib\\v1\\index.js"} {"metadata":{"emulator":{"name":"functions"},"function":{"name":"us-central1-api"},"extension":{},"message":"[runtime-status] [21012] Resolved module firebase-functions {\"declared\":true,\"installed\":true,\"version\":\"5.1.1\",\"resolution\":\"C:\\\\Users\\\\rachi\\\\OneDrive\\\\Desktop\\\\PROJECT\\\\HeritageHomes\\\\heritagehomes\\\\functions\\\\node_modules\\\\firebase-functions\\\\lib\\\\v1\\\\index.js\"}"}}
[debug] [2024-10-16T11:38:59.036Z] [runtime-status] [21012] Resolved module firebase-admin {"declared":true,"installed":true,"version":"12.6.0","resolution":"C:\\Users\\rachi\\OneDrive\\Desktop\\PROJECT\\HeritageHomes\\heritagehomes\\functions\\node_modules\\firebase-admin\\lib\\index.js"} {"metadata":{"emulator":{"name":"functions"},"function":{"name":"us-central1-api"},"extension":{},"message":"[runtime-status] [21012] Resolved module firebase-admin {\"declared\":true,\"installed\":true,\"version\":\"12.6.0\",\"resolution\":\"C:\\\\Users\\\\rachi\\\\OneDrive\\\\Desktop\\\\PROJECT\\\\HeritageHomes\\\\heritagehomes\\\\functions\\\\node_modules\\\\firebase-admin\\\\lib\\\\index.js\"}"}}
[debug] [2024-10-16T11:38:59.039Z] [runtime-status] [21012] Resolved module firebase-functions {"declared":true,"installed":true,"version":"5.1.1","resolution":"C:\\Users\\rachi\\OneDrive\\Desktop\\PROJECT\\HeritageHomes\\heritagehomes\\functions\\node_modules\\firebase-functions\\lib\\v1\\index.js"} {"metadata":{"emulator":{"name":"functions"},"function":{"name":"us-central1-api"},"extension":{},"message":"[runtime-status] [21012] Resolved module firebase-functions {\"declared\":true,\"installed\":true,\"version\":\"5.1.1\",\"resolution\":\"C:\\\\Users\\\\rachi\\\\OneDrive\\\\Desktop\\\\PROJECT\\\\HeritageHomes\\\\heritagehomes\\\\functions\\\\node_modules\\\\firebase-functions\\\\lib\\\\v1\\\\index.js\"}"}}
[debug] [2024-10-16T11:38:59.040Z] [runtime-status] [21012] firebase-admin has been stubbed. {"adminResolution":{"declared":true,"installed":true,"version":"12.6.0","resolution":"C:\\Users\\rachi\\OneDrive\\Desktop\\PROJECT\\HeritageHomes\\heritagehomes\\functions\\node_modules\\firebase-admin\\lib\\index.js"}} {"metadata":{"emulator":{"name":"functions"},"function":{"name":"us-central1-api"},"extension":{},"message":"[runtime-status] [21012] firebase-admin has been stubbed. {\"adminResolution\":{\"declared\":true,\"installed\":true,\"version\":\"12.6.0\",\"resolution\":\"C:\\\\Users\\\\rachi\\\\OneDrive\\\\Desktop\\\\PROJECT\\\\HeritageHomes\\\\heritagehomes\\\\functions\\\\node_modules\\\\firebase-admin\\\\lib\\\\index.js\"}}"}}
[debug] [2024-10-16T11:38:59.415Z] [runtime-status] [21012] Functions runtime initialized. {"cwd":"C:\\Users\\rachi\\OneDrive\\Desktop\\PROJECT\\HeritageHomes\\heritagehomes\\functions","node_version":"20.17.0"} {"metadata":{"emulator":{"name":"functions"},"function":{"name":"us-central1-api"},"extension":{},"message":"[runtime-status] [21012] Functions runtime initialized. {\"cwd\":\"C:\\\\Users\\\\rachi\\\\OneDrive\\\\Desktop\\\\PROJECT\\\\HeritageHomes\\\\heritagehomes\\\\functions\",\"node_version\":\"20.17.0\"}"}}
[debug] [2024-10-16T11:38:59.416Z] [runtime-status] [21012] Listening to port: \\?\pipe\fire_emu_1bf35b82b3a57ae3 {"metadata":{"emulator":{"name":"functions"},"function":{"name":"us-central1-api"},"extension":{},"message":"[runtime-status] [21012] Listening to port: \\\\?\\pipe\\fire_emu_1bf35b82b3a57ae3"}}
[debug] [2024-10-16T11:38:59.465Z] [worker-us-central1-api-c8433bb3-80d4-468b-9ee9-30cc77f5fe73]: IDLE {"metadata":{"emulator":{"name":"functions"},"function":{"name":"us-central1-api"},"extension":{},"message":"[worker-us-central1-api-c8433bb3-80d4-468b-9ee9-30cc77f5fe73]: IDLE"}}
[debug] [2024-10-16T11:38:59.466Z] [worker-pool] submitRequest(triggerId=us-central1-api) {"metadata":{"emulator":{"name":"functions"},"message":"[worker-pool] submitRequest(triggerId=us-central1-api)"}}
[info] i  functions: Beginning execution of "us-central1-api" {"metadata":{"emulator":{"name":"functions"},"function":{"name":"us-central1-api"},"extension":{},"message":"Beginning execution of \"us-central1-api\""}}
[debug] [2024-10-16T11:38:59.467Z] [worker-us-central1-api-c8433bb3-80d4-468b-9ee9-30cc77f5fe73]: BUSY {"metadata":{"emulator":{"name":"functions"},"function":{"name":"us-central1-api"},"extension":{},"message":"[worker-us-central1-api-c8433bb3-80d4-468b-9ee9-30cc77f5fe73]: BUSY"}}
[info] >  Payment Request Recieved for amount >>> 186000 {"user":"Payment Request Recieved for amount >>> 186000","metadata":{"emulator":{"name":"functions"},"function":{"name":"us-central1-api"},"extension":{},"message":"\u001b[90m> \u001b[39m Payment Request Recieved for amount >>> 186000"}}
[debug] [2024-10-16T11:39:00.303Z] Finishing up request with event=pause {"metadata":{"emulator":{"name":"functions"},"function":{"name":"us-central1-api"},"extension":{},"message":"Finishing up request with event=pause"}}
[info] i  functions: Finished "us-central1-api" in 836.6625ms {"metadata":{"emulator":{"name":"functions"},"function":{"name":"us-central1-api"},"extension":{},"message":"Finished \"us-central1-api\" in 836.6625ms"}}
[debug] [2024-10-16T11:39:00.305Z] [worker-us-central1-api-c8433bb3-80d4-468b-9ee9-30cc77f5fe73]: IDLE {"metadata":{"emulator":{"name":"functions"},"function":{"name":"us-central1-api"},"extension":{},"message":"[worker-us-central1-api-c8433bb3-80d4-468b-9ee9-30cc77f5fe73]: IDLE"}}
[debug] [2024-10-16T11:39:00.305Z] Finishing up request with event=finish {"metadata":{"emulator":{"name":"functions"},"function":{"name":"us-central1-api"},"extension":{},"message":"Finishing up request with event=finish"}}
[debug] [2024-10-16T11:39:00.306Z] Finishing up request with event=close {"metadata":{"emulator":{"name":"functions"},"function":{"name":"us-central1-api"},"extension":{},"message":"Finishing up request with event=close"}}
[debug] [2024-10-16T11:39:00.306Z] [work-queue] {"queuedWork":[],"queueLength":0,"runningWork":[],"workRunningCount":0}
